Classic Timing Analyzer report for P_Mux
Tue Oct 18 15:09:00 2016
Quartus II Version 9.1 Build 350 03/24/2010 Service Pack 2 SJ Web Edition


---------------------
; Table of Contents ;
---------------------
  1. Legal Notice
  2. Timing Analyzer Summary
  3. Timing Analyzer Settings
  4. Parallel Compilation
  5. tpd
  6. Timing Analyzer Messages



----------------
; Legal Notice ;
----------------
Copyright (C) 1991-2010 Altera Corporation
Your use of Altera Corporation's design tools, logic functions 
and other software and tools, and its AMPP partner logic 
functions, and any output files from any of the foregoing 
(including device programming or simulation files), and any 
associated documentation or information are expressly subject 
to the terms and conditions of the Altera Program License 
Subscription Agreement, Altera MegaCore Function License 
Agreement, or other applicable license agreement, including, 
without limitation, that your use is for the sole purpose of 
programming logic devices manufactured by Altera and sold by 
Altera or its authorized distributors.  Please refer to the 
applicable agreement for further details.



+------------------------------------------------------------------------------------------------------------------------------+
; Timing Analyzer Summary                                                                                                      ;
+------------------------------+-------+---------------+-------------+--------+---------+------------+----------+--------------+
; Type                         ; Slack ; Required Time ; Actual Time ; From   ; To      ; From Clock ; To Clock ; Failed Paths ;
+------------------------------+-------+---------------+-------------+--------+---------+------------+----------+--------------+
; Worst-case tpd               ; N/A   ; None          ; 13.477 ns   ; SW[13] ; HEX0[6] ; --         ; --       ; 0            ;
; Total number of failed paths ;       ;               ;             ;        ;         ;            ;          ; 0            ;
+------------------------------+-------+---------------+-------------+--------+---------+------------+----------+--------------+


+-----------------------------------------------------------------------------------------------------------------------------------------------------+
; Timing Analyzer Settings                                                                                                                            ;
+------------------------------------------------------------------------------------------------------+--------------------+------+----+-------------+
; Option                                                                                               ; Setting            ; From ; To ; Entity Name ;
+------------------------------------------------------------------------------------------------------+--------------------+------+----+-------------+
; Device Name                                                                                          ; EP2C35F672C6       ;      ;    ;             ;
; Timing Models                                                                                        ; Final              ;      ;    ;             ;
; Default hold multicycle                                                                              ; Same as Multicycle ;      ;    ;             ;
; Cut paths between unrelated clock domains                                                            ; On                 ;      ;    ;             ;
; Cut off read during write signal paths                                                               ; On                 ;      ;    ;             ;
; Cut off feedback from I/O pins                                                                       ; On                 ;      ;    ;             ;
; Report Combined Fast/Slow Timing                                                                     ; Off                ;      ;    ;             ;
; Ignore Clock Settings                                                                                ; Off                ;      ;    ;             ;
; Analyze latches as synchronous elements                                                              ; On                 ;      ;    ;             ;
; Enable Recovery/Removal analysis                                                                     ; Off                ;      ;    ;             ;
; Enable Clock Latency                                                                                 ; Off                ;      ;    ;             ;
; Use TimeQuest Timing Analyzer                                                                        ; Off                ;      ;    ;             ;
; Minimum Core Junction Temperature                                                                    ; 0                  ;      ;    ;             ;
; Maximum Core Junction Temperature                                                                    ; 85                 ;      ;    ;             ;
; Number of source nodes to report per destination node                                                ; 10                 ;      ;    ;             ;
; Number of destination nodes to report                                                                ; 10                 ;      ;    ;             ;
; Number of paths to report                                                                            ; 200                ;      ;    ;             ;
; Report Minimum Timing Checks                                                                         ; Off                ;      ;    ;             ;
; Use Fast Timing Models                                                                               ; Off                ;      ;    ;             ;
; Report IO Paths Separately                                                                           ; Off                ;      ;    ;             ;
; Perform Multicorner Analysis                                                                         ; On                 ;      ;    ;             ;
; Reports the worst-case path for each clock domain and analysis                                       ; Off                ;      ;    ;             ;
; Reports worst-case timing paths for each clock domain and analysis                                   ; On                 ;      ;    ;             ;
; Specifies the maximum number of worst-case timing paths to report for each clock domain and analysis ; 100                ;      ;    ;             ;
; Removes common clock path pessimism (CCPP) during slack computation                                  ; Off                ;      ;    ;             ;
; Output I/O Timing Endpoint                                                                           ; Near End           ;      ;    ;             ;
+------------------------------------------------------------------------------------------------------+--------------------+------+----+-------------+


Parallel compilation was disabled, but you have multiple processors available. Enable parallel compilation to reduce compilation time.
+-------------------------------------+
; Parallel Compilation                ;
+----------------------------+--------+
; Processors                 ; Number ;
+----------------------------+--------+
; Number detected on machine ; 4      ;
; Maximum allowed            ; 1      ;
+----------------------------+--------+


+----------------------------------------------------------------+
; tpd                                                            ;
+-------+-------------------+-----------------+--------+---------+
; Slack ; Required P2P Time ; Actual P2P Time ; From   ; To      ;
+-------+-------------------+-----------------+--------+---------+
; N/A   ; None              ; 13.477 ns       ; SW[13] ; HEX0[6] ;
; N/A   ; None              ; 13.251 ns       ; SW[13] ; HEX0[4] ;
; N/A   ; None              ; 13.195 ns       ; SW[13] ; HEX0[5] ;
; N/A   ; None              ; 13.173 ns       ; SW[17] ; HEX0[6] ;
; N/A   ; None              ; 13.124 ns       ; SW[15] ; HEX0[6] ;
; N/A   ; None              ; 13.023 ns       ; SW[13] ; HEX0[0] ;
; N/A   ; None              ; 12.947 ns       ; SW[17] ; HEX0[4] ;
; N/A   ; None              ; 12.894 ns       ; SW[15] ; HEX0[4] ;
; N/A   ; None              ; 12.891 ns       ; SW[17] ; HEX0[5] ;
; N/A   ; None              ; 12.842 ns       ; SW[15] ; HEX0[5] ;
; N/A   ; None              ; 12.839 ns       ; SW[14] ; HEX0[6] ;
; N/A   ; None              ; 12.776 ns       ; SW[16] ; HEX0[4] ;
; N/A   ; None              ; 12.723 ns       ; SW[16] ; HEX0[6] ;
; N/A   ; None              ; 12.719 ns       ; SW[17] ; HEX0[0] ;
; N/A   ; None              ; 12.665 ns       ; SW[14] ; HEX0[4] ;
; N/A   ; None              ; 12.663 ns       ; SW[13] ; HEX0[2] ;
; N/A   ; None              ; 12.557 ns       ; SW[14] ; HEX0[5] ;
; N/A   ; None              ; 12.441 ns       ; SW[16] ; HEX0[5] ;
; N/A   ; None              ; 12.400 ns       ; SW[15] ; HEX0[0] ;
; N/A   ; None              ; 12.393 ns       ; SW[14] ; HEX0[0] ;
; N/A   ; None              ; 12.359 ns       ; SW[17] ; HEX0[2] ;
; N/A   ; None              ; 12.309 ns       ; SW[15] ; HEX0[2] ;
; N/A   ; None              ; 12.223 ns       ; SW[13] ; HEX0[1] ;
; N/A   ; None              ; 12.010 ns       ; SW[14] ; HEX0[2] ;
; N/A   ; None              ; 11.968 ns       ; SW[16] ; HEX0[0] ;
; N/A   ; None              ; 11.919 ns       ; SW[17] ; HEX0[1] ;
; N/A   ; None              ; 11.905 ns       ; SW[16] ; HEX0[2] ;
; N/A   ; None              ; 11.884 ns       ; SW[13] ; HEX0[3] ;
; N/A   ; None              ; 11.873 ns       ; SW[15] ; HEX0[1] ;
; N/A   ; None              ; 11.594 ns       ; SW[14] ; HEX0[1] ;
; N/A   ; None              ; 11.580 ns       ; SW[17] ; HEX0[3] ;
; N/A   ; None              ; 11.565 ns       ; SW[0]  ; HEX0[6] ;
; N/A   ; None              ; 11.537 ns       ; SW[15] ; HEX0[3] ;
; N/A   ; None              ; 11.476 ns       ; SW[16] ; HEX0[1] ;
; N/A   ; None              ; 11.441 ns       ; SW[0]  ; HEX0[4] ;
; N/A   ; None              ; 11.283 ns       ; SW[0]  ; HEX0[5] ;
; N/A   ; None              ; 11.258 ns       ; SW[14] ; HEX0[3] ;
; N/A   ; None              ; 11.140 ns       ; SW[16] ; HEX0[3] ;
; N/A   ; None              ; 11.111 ns       ; SW[0]  ; HEX0[0] ;
; N/A   ; None              ; 10.751 ns       ; SW[0]  ; HEX0[2] ;
; N/A   ; None              ; 10.311 ns       ; SW[0]  ; HEX0[1] ;
; N/A   ; None              ; 10.071 ns       ; SW[14] ; HEX6[4] ;
; N/A   ; None              ; 10.061 ns       ; SW[14] ; HEX6[3] ;
; N/A   ; None              ; 10.041 ns       ; SW[14] ; HEX6[6] ;
; N/A   ; None              ; 10.039 ns       ; SW[15] ; HEX6[4] ;
; N/A   ; None              ; 10.027 ns       ; SW[15] ; HEX6[3] ;
; N/A   ; None              ; 10.024 ns       ; SW[14] ; HEX6[5] ;
; N/A   ; None              ; 10.008 ns       ; SW[15] ; HEX6[6] ;
; N/A   ; None              ; 9.987 ns        ; SW[15] ; HEX6[5] ;
; N/A   ; None              ; 9.972 ns        ; SW[0]  ; HEX0[3] ;
; N/A   ; None              ; 9.868 ns        ; SW[16] ; HEX6[4] ;
; N/A   ; None              ; 9.851 ns        ; SW[16] ; HEX6[3] ;
; N/A   ; None              ; 9.828 ns        ; SW[16] ; HEX6[6] ;
; N/A   ; None              ; 9.827 ns        ; SW[16] ; HEX6[5] ;
; N/A   ; None              ; 9.806 ns        ; SW[17] ; HEX6[4] ;
; N/A   ; None              ; 9.789 ns        ; SW[17] ; HEX6[3] ;
; N/A   ; None              ; 9.770 ns        ; SW[11] ; HEX0[6] ;
; N/A   ; None              ; 9.767 ns        ; SW[17] ; HEX6[6] ;
; N/A   ; None              ; 9.761 ns        ; SW[17] ; HEX6[5] ;
; N/A   ; None              ; 9.693 ns        ; SW[10] ; HEX0[6] ;
; N/A   ; None              ; 9.595 ns        ; SW[12] ; HEX0[4] ;
; N/A   ; None              ; 9.542 ns        ; SW[12] ; HEX0[6] ;
; N/A   ; None              ; 9.540 ns        ; SW[11] ; HEX0[4] ;
; N/A   ; None              ; 9.530 ns        ; SW[13] ; HEX4[2] ;
; N/A   ; None              ; 9.521 ns        ; SW[13] ; HEX4[1] ;
; N/A   ; None              ; 9.519 ns        ; SW[10] ; HEX0[4] ;
; N/A   ; None              ; 9.516 ns        ; SW[13] ; HEX4[0] ;
; N/A   ; None              ; 9.514 ns        ; SW[14] ; HEX6[2] ;
; N/A   ; None              ; 9.512 ns        ; SW[13] ; HEX4[6] ;
; N/A   ; None              ; 9.506 ns        ; SW[14] ; HEX6[0] ;
; N/A   ; None              ; 9.504 ns        ; SW[14] ; HEX6[1] ;
; N/A   ; None              ; 9.488 ns        ; SW[11] ; HEX0[5] ;
; N/A   ; None              ; 9.482 ns        ; SW[15] ; HEX6[2] ;
; N/A   ; None              ; 9.467 ns        ; SW[15] ; HEX6[1] ;
; N/A   ; None              ; 9.447 ns        ; SW[15] ; HEX6[0] ;
; N/A   ; None              ; 9.411 ns        ; SW[10] ; HEX0[5] ;
; N/A   ; None              ; 9.303 ns        ; SW[16] ; HEX6[2] ;
; N/A   ; None              ; 9.302 ns        ; SW[16] ; HEX6[1] ;
; N/A   ; None              ; 9.293 ns        ; SW[16] ; HEX6[0] ;
; N/A   ; None              ; 9.260 ns        ; SW[12] ; HEX0[5] ;
; N/A   ; None              ; 9.247 ns        ; SW[10] ; HEX0[0] ;
; N/A   ; None              ; 9.242 ns        ; SW[13] ; HEX4[5] ;
; N/A   ; None              ; 9.241 ns        ; SW[17] ; HEX6[1] ;
; N/A   ; None              ; 9.237 ns        ; SW[17] ; HEX6[2] ;
; N/A   ; None              ; 9.232 ns        ; SW[13] ; HEX4[4] ;
; N/A   ; None              ; 9.231 ns        ; SW[17] ; HEX6[0] ;
; N/A   ; None              ; 9.210 ns        ; SW[13] ; HEX4[3] ;
; N/A   ; None              ; 9.046 ns        ; SW[11] ; HEX0[0] ;
; N/A   ; None              ; 8.955 ns        ; SW[11] ; HEX0[2] ;
; N/A   ; None              ; 8.864 ns        ; SW[10] ; HEX0[2] ;
; N/A   ; None              ; 8.787 ns        ; SW[12] ; HEX0[0] ;
; N/A   ; None              ; 8.724 ns        ; SW[12] ; HEX0[2] ;
; N/A   ; None              ; 8.519 ns        ; SW[11] ; HEX0[1] ;
; N/A   ; None              ; 8.448 ns        ; SW[10] ; HEX0[1] ;
; N/A   ; None              ; 8.295 ns        ; SW[12] ; HEX0[1] ;
; N/A   ; None              ; 8.183 ns        ; SW[11] ; HEX0[3] ;
; N/A   ; None              ; 8.112 ns        ; SW[10] ; HEX0[3] ;
; N/A   ; None              ; 7.959 ns        ; SW[12] ; HEX0[3] ;
; N/A   ; None              ; 5.554 ns        ; SW[12] ; HEX4[2] ;
; N/A   ; None              ; 5.552 ns        ; SW[12] ; HEX4[6] ;
; N/A   ; None              ; 5.546 ns        ; SW[12] ; HEX4[0] ;
; N/A   ; None              ; 5.545 ns        ; SW[12] ; HEX4[1] ;
; N/A   ; None              ; 5.403 ns        ; SW[10] ; HEX4[2] ;
; N/A   ; None              ; 5.396 ns        ; SW[10] ; HEX4[1] ;
; N/A   ; None              ; 5.390 ns        ; SW[10] ; HEX4[0] ;
; N/A   ; None              ; 5.390 ns        ; SW[10] ; HEX4[6] ;
; N/A   ; None              ; 5.270 ns        ; SW[11] ; HEX4[2] ;
; N/A   ; None              ; 5.268 ns        ; SW[12] ; HEX4[4] ;
; N/A   ; None              ; 5.263 ns        ; SW[11] ; HEX4[6] ;
; N/A   ; None              ; 5.260 ns        ; SW[12] ; HEX4[5] ;
; N/A   ; None              ; 5.258 ns        ; SW[11] ; HEX4[0] ;
; N/A   ; None              ; 5.257 ns        ; SW[11] ; HEX4[1] ;
; N/A   ; None              ; 5.252 ns        ; SW[12] ; HEX4[3] ;
; N/A   ; None              ; 5.116 ns        ; SW[10] ; HEX4[5] ;
; N/A   ; None              ; 5.090 ns        ; SW[10] ; HEX4[3] ;
; N/A   ; None              ; 5.077 ns        ; SW[10] ; HEX4[4] ;
; N/A   ; None              ; 4.979 ns        ; SW[11] ; HEX4[4] ;
; N/A   ; None              ; 4.975 ns        ; SW[11] ; HEX4[5] ;
; N/A   ; None              ; 4.964 ns        ; SW[11] ; HEX4[3] ;
+-------+-------------------+-----------------+--------+---------+


+--------------------------+
; Timing Analyzer Messages ;
+--------------------------+
Info: *******************************************************************
Info: Running Quartus II Classic Timing Analyzer
    Info: Version 9.1 Build 350 03/24/2010 Service Pack 2 SJ Web Edition
    Info: Processing started: Tue Oct 18 15:08:59 2016
Info: Command: quartus_tan --read_settings_files=off --write_settings_files=off P_Mux -c P_Mux --timing_analysis_only
Info: Longest tpd from source pin "SW[13]" to destination pin "HEX0[6]" is 13.477 ns
    Info: 1: + IC(0.000 ns) + CELL(0.832 ns) = 0.832 ns; Loc. = PIN_T7; Fanout = 8; PIN Node = 'SW[13]'
    Info: 2: + IC(4.784 ns) + CELL(0.438 ns) = 6.054 ns; Loc. = LCCOMB_X1_Y12_N24; Fanout = 10; COMB Node = 'MUX_2B4_to_1B4:inst|MUX_2_to_1:inst3|inst2~0'
    Info: 3: + IC(0.333 ns) + CELL(0.437 ns) = 6.824 ns; Loc. = LCCOMB_X1_Y12_N12; Fanout = 2; COMB Node = 'BCD7seg:inst2|HEX[6]~0'
    Info: 4: + IC(0.655 ns) + CELL(0.271 ns) = 7.750 ns; Loc. = LCCOMB_X2_Y12_N24; Fanout = 1; COMB Node = 'BCD7seg:inst2|HEX[6]~2'
    Info: 5: + IC(2.939 ns) + CELL(2.788 ns) = 13.477 ns; Loc. = PIN_V13; Fanout = 0; PIN Node = 'HEX0[6]'
    Info: Total cell delay = 4.766 ns ( 35.36 % )
    Info: Total interconnect delay = 8.711 ns ( 64.64 % )
Info: Quartus II Classic Timing Analyzer was successful. 0 errors, 0 warnings
    Info: Peak virtual memory: 169 megabytes
    Info: Processing ended: Tue Oct 18 15:09:02 2016
    Info: Elapsed time: 00:00:03
    Info: Total CPU time (on all processors): 00:00:00


